
 ⛅️ wrangler 4.90.1
───────────────────
Using secrets defined in .dev.vars
Your Worker has access to the following bindings:
Binding                                   Resource                  Mode
env.DB (hepibesday-db)                    D1 Database               local
env.AI                                    AI                        remote
env.ADMIN_PASSPHRASE ("(hidden)")         Environment Variable      local
env.JWT_SECRET ("(hidden)")               Environment Variable      local

⎔ Establishing remote connection...
[33m▲ [43;33m[[43;30mWARNING[43;33m][0m [1mAI bindings always access remote resources, and so may incur usage charges even in local dev. To suppress this warning, set `remote: true` for the binding definition in your configuration file.[0m


⎔ Starting local server...
[wrangler:info] Ready on http://localhost:8788
[wrangler:info] POST /api/admin/login 200 OK (12ms)
[wrangler:info] GET /api/admin/stats 401 Unauthorized (2ms)
[33m▲ [43;33m[[43;30mWARNING[43;33m][0m [1mAI bindings always access remote resources, and so may incur usage charges even in local dev. To suppress this warning, set `remote: true` for the binding definition in your configuration file.[0m


⎔ Reloading local server...
⎔ Local server updated and ready
[wrangler:info] POST /api/admin/login 200 OK (5ms)
JWT Error: JwtAlgorithmRequired: JWT verification requires "alg" option to be specified
    at verify (file:///Users/asyraq/Desktop/Hepibesday/worker/node_modules/hono/dist/utils/jwt/jwt.js:48:11)
    at adminAuth (file:///Users/asyraq/Desktop/Hepibesday/worker/src/index.ts:253:27)
    at dispatch (file:///Users/asyraq/Desktop/Hepibesday/worker/node_modules/hono/dist/compose.js:22:23)
    at null.<anonymous> (file:///Users/asyraq/Desktop/Hepibesday/worker/node_modules/hono/dist/compose.js:22:46)
    at cors2 (file:///Users/asyraq/Desktop/Hepibesday/worker/node_modules/hono/dist/middleware/cors/index.js:79:11)
    at async dispatch (file:///Users/asyraq/Desktop/Hepibesday/worker/node_modules/hono/dist/compose.js:22:17)
    at null.<anonymous> (async file:///Users/asyraq/Desktop/Hepibesday/worker/.wrangler/tmp/dev-NDrmsa/index.js:1457:25)
    at async jsonError (file:///Users/asyraq/Desktop/Hepibesday/worker/node_modules/wrangler/templates/middleware/middleware-miniflare3-json-error.ts:22:10)
    at async drainBody (file:///Users/asyraq/Desktop/Hepibesday/worker/node_modules/wrangler/templates/middleware/middleware-ensure-req-body-drained.ts:5:10)
[wrangler:info] GET /api/admin/stats 401 Unauthorized (4ms)
[33m▲ [43;33m[[43;30mWARNING[43;33m][0m [1mAI bindings always access remote resources, and so may incur usage charges even in local dev. To suppress this warning, set `remote: true` for the binding definition in your configuration file.[0m


⎔ Reloading local server...
⎔ Local server updated and ready
[33m▲ [43;33m[[43;30mWARNING[43;33m][0m [1mAI bindings always access remote resources, and so may incur usage charges even in local dev. To suppress this warning, set `remote: true` for the binding definition in your configuration file.[0m


⎔ Reloading local server...
⎔ Local server updated and ready
[33m▲ [43;33m[[43;30mWARNING[43;33m][0m [1mAI bindings always access remote resources, and so may incur usage charges even in local dev. To suppress this warning, set `remote: true` for the binding definition in your configuration file.[0m


⎔ Reloading local server...
⎔ Local server updated and ready
[33m▲ [43;33m[[43;30mWARNING[43;33m][0m [1mAI bindings always access remote resources, and so may incur usage charges even in local dev. To suppress this warning, set `remote: true` for the binding definition in your configuration file.[0m


⎔ Reloading local server...
⎔ Local server updated and ready
[wrangler:info] POST /api/generate-traits 500 Internal Server Error (4258ms)
[31m✘ [41;31m[[41;97mERROR[41;31m][0m [1mFailed to fetch auth token: 401 Unauthorized[0m


